<?xml version="1.0" encoding="UTF-8"?>
<testng-results skipped="1" failed="0" total="2" passed="1">
  <reporter-output>
  </reporter-output>
  <suite name="SmokeSuite" duration-ms="67300" started-at="2016-12-05T10:59:54Z" finished-at="2016-12-05T11:01:01Z">
    <groups>
    </groups>
    <test name="run on device 2" duration-ms="7974" started-at="2016-12-05T10:59:54Z" finished-at="2016-12-05T11:00:02Z">
      <class name="com.mediastep.test.ParallelTest">
        <test-method status="FAIL" signature="testsetup(java.lang.String, java.lang.String)[pri:0, instance:com.mediastep.test.ParallelTest@5cc7c2a6]" name="testsetup" is-config="true" duration-ms="0" started-at="2016-12-05T17:59:54Z" finished-at="2016-12-05T17:59:54Z">
          <params>
            <param index="0">
              <value>
                <![CDATA[4725]]>
              </value>
            </param>
            <param index="1">
              <value>
                <![CDATA[emulator-5554]]>
              </value>
            </param>
          </params>
          <exception class="org.openqa.selenium.SessionNotCreatedException">
            <message>
              <![CDATA[A new session could not be created. (Original error: Device emulator-5554 was not in the list of connected devices) (WARNING: The server did not provide any stacktrace information)
Command duration or timeout: 7.36 seconds
Build info: version: '2.47.1', revision: 'unknown', time: '2015-07-30 11:02:44'
System info: host: 'DESKTOP-R4ML4PD', ip: '192.168.1.64', os.name: 'Windows 10', os.arch: 'amd64', os.version: '10.0', java.version: '1.8.0_112'
Driver info: io.appium.java_client.android.AndroidDriver]]>
            </message>
            <full-stacktrace>
              <![CDATA[org.openqa.selenium.SessionNotCreatedException: A new session could not be created. (Original error: Device emulator-5554 was not in the list of connected devices) (WARNING: The server did not provide any stacktrace information)
Command duration or timeout: 7.36 seconds
Build info: version: '2.47.1', revision: 'unknown', time: '2015-07-30 11:02:44'
System info: host: 'DESKTOP-R4ML4PD', ip: '192.168.1.64', os.name: 'Windows 10', os.arch: 'amd64', os.version: '10.0', java.version: '1.8.0_112'
Driver info: io.appium.java_client.android.AndroidDriver
	at sun.reflect.NativeConstructorAccessorImpl.newInstance0(Native Method)
	at sun.reflect.NativeConstructorAccessorImpl.newInstance(Unknown Source)
	at sun.reflect.DelegatingConstructorAccessorImpl.newInstance(Unknown Source)
	at java.lang.reflect.Constructor.newInstance(Unknown Source)
	at org.openqa.selenium.remote.ErrorHandler.createThrowable(ErrorHandler.java:206)
	at org.openqa.selenium.remote.ErrorHandler.throwIfResponseFailed(ErrorHandler.java:158)
	at org.openqa.selenium.remote.RemoteWebDriver.execute(RemoteWebDriver.java:595)
	at io.appium.java_client.DefaultGenericMobileDriver.execute(DefaultGenericMobileDriver.java:40)
	at io.appium.java_client.AppiumDriver.execute(AppiumDriver.java:1)
	at io.appium.java_client.android.AndroidDriver.execute(AndroidDriver.java:1)
	at org.openqa.selenium.remote.RemoteWebDriver.startSession(RemoteWebDriver.java:242)
	at org.openqa.selenium.remote.RemoteWebDriver.<init>(RemoteWebDriver.java:128)
	at org.openqa.selenium.remote.RemoteWebDriver.<init>(RemoteWebDriver.java:141)
	at io.appium.java_client.DefaultGenericMobileDriver.<init>(DefaultGenericMobileDriver.java:36)
	at io.appium.java_client.AppiumDriver.<init>(AppiumDriver.java:114)
	at io.appium.java_client.AppiumDriver.<init>(AppiumDriver.java:132)
	at io.appium.java_client.android.AndroidDriver.<init>(AndroidDriver.java:92)
	at com.mediastep.test.ParallelTest.testsetup(ParallelTest.java:50)
	at sun.reflect.NativeMethodAccessorImpl.invoke0(Native Method)
	at sun.reflect.NativeMethodAccessorImpl.invoke(Unknown Source)
	at sun.reflect.DelegatingMethodAccessorImpl.invoke(Unknown Source)
	at java.lang.reflect.Method.invoke(Unknown Source)
	at org.testng.internal.MethodInvocationHelper.invokeMethod(MethodInvocationHelper.java:85)
	at org.testng.internal.Invoker.invokeConfigurationMethod(Invoker.java:510)
	at org.testng.internal.Invoker.invokeConfigurations(Invoker.java:211)
	at org.testng.internal.Invoker.invokeConfigurations(Invoker.java:138)
	at org.testng.TestRunner.beforeRun(TestRunner.java:648)
	at org.testng.TestRunner.run(TestRunner.java:616)
	at org.testng.SuiteRunner.runTest(SuiteRunner.java:359)
	at org.testng.SuiteRunner.access$000(SuiteRunner.java:39)
	at org.testng.SuiteRunner$SuiteWorker.run(SuiteRunner.java:393)
	at org.testng.internal.thread.ThreadUtil$2.call(ThreadUtil.java:64)
	at java.util.concurrent.FutureTask.run(Unknown Source)
	at java.util.concurrent.ThreadPoolExecutor.runWorker(Unknown Source)
	at java.util.concurrent.ThreadPoolExecutor$Worker.run(Unknown Source)
	at java.lang.Thread.run(Unknown Source)
]]>
            </full-stacktrace>
          </exception> <!-- org.openqa.selenium.SessionNotCreatedException -->
          <reporter-output>
          </reporter-output>
        </test-method> <!-- testsetup -->
        <test-method status="SKIP" signature="InvalidValidLoginTest()[pri:0, instance:com.mediastep.test.ParallelTest@5cc7c2a6]" name="InvalidValidLoginTest" duration-ms="1" started-at="2016-12-05T18:00:02Z" finished-at="2016-12-05T18:00:02Z">
          <reporter-output>
          </reporter-output>
        </test-method> <!-- InvalidValidLoginTest -->
        <test-method status="SKIP" signature="quit()[pri:0, instance:com.mediastep.test.ParallelTest@5cc7c2a6]" name="quit" is-config="true" duration-ms="0" started-at="2016-12-05T18:00:02Z" finished-at="2016-12-05T18:00:02Z">
          <reporter-output>
          </reporter-output>
        </test-method> <!-- quit -->
      </class> <!-- com.mediastep.test.ParallelTest -->
    </test> <!-- run on device 2 -->
    <test name="run on device 1" duration-ms="67300" started-at="2016-12-05T10:59:54Z" finished-at="2016-12-05T11:01:01Z">
      <class name="com.mediastep.test.ParallelTest">
        <test-method status="PASS" signature="testsetup(java.lang.String, java.lang.String)[pri:0, instance:com.mediastep.test.ParallelTest@52af6cff]" name="testsetup" is-config="true" duration-ms="41659" started-at="2016-12-05T17:59:54Z" finished-at="2016-12-05T18:00:36Z">
          <params>
            <param index="0">
              <value>
                <![CDATA[4723]]>
              </value>
            </param>
            <param index="1">
              <value>
                <![CDATA[SCL24]]>
              </value>
            </param>
          </params>
          <reporter-output>
          </reporter-output>
        </test-method> <!-- testsetup -->
        <test-method status="PASS" signature="ValidLoginTest()[pri:0, instance:com.mediastep.test.ParallelTest@52af6cff]" name="ValidLoginTest" duration-ms="24215" started-at="2016-12-05T18:00:36Z" finished-at="2016-12-05T18:01:00Z">
          <reporter-output>
          </reporter-output>
        </test-method> <!-- ValidLoginTest -->
        <test-method status="PASS" signature="quit()[pri:0, instance:com.mediastep.test.ParallelTest@52af6cff]" name="quit" is-config="true" duration-ms="1419" started-at="2016-12-05T18:01:00Z" finished-at="2016-12-05T18:01:01Z">
          <reporter-output>
          </reporter-output>
        </test-method> <!-- quit -->
      </class> <!-- com.mediastep.test.ParallelTest -->
    </test> <!-- run on device 1 -->
  </suite> <!-- SmokeSuite -->
</testng-results>
